Performing C SOURCE FILE Test CMAKE_HAVE_LIBC_PTHREAD failed with the following output:
Change Dir: /yolov5-deepsort-tensorrt/build/CMakeFiles/CMakeTmp

Run Build Command(s):/usr/bin/make cmTC_4bdf1/fast && /usr/bin/make  -f CMakeFiles/cmTC_4bdf1.dir/build.make CMakeFiles/cmTC_4bdf1.dir/build
make[1]: Entering directory '/yolov5-deepsort-tensorrt/build/CMakeFiles/CMakeTmp'
Building C object CMakeFiles/cmTC_4bdf1.dir/src.c.o
/usr/bin/cc   -DCMAKE_HAVE_LIBC_PTHREAD -o CMakeFiles/cmTC_4bdf1.dir/src.c.o -c /yolov5-deepsort-tensorrt/build/CMakeFiles/CMakeTmp/src.c
Linking C executable cmTC_4bdf1
/usr/local/bin/cmake -E cmake_link_script CMakeFiles/cmTC_4bdf1.dir/link.txt --verbose=1
/usr/bin/cc  -DCMAKE_HAVE_LIBC_PTHREAD CMakeFiles/cmTC_4bdf1.dir/src.c.o -o cmTC_4bdf1 
CMakeFiles/cmTC_4bdf1.dir/src.c.o: In function `main':
src.c:(.text+0x48): undefined reference to `pthread_create'
src.c:(.text+0x50): undefined reference to `pthread_detach'
src.c:(.text+0x58): undefined reference to `pthread_cancel'
src.c:(.text+0x64): undefined reference to `pthread_join'
src.c:(.text+0x74): undefined reference to `pthread_atfork'
collect2: error: ld returned 1 exit status
CMakeFiles/cmTC_4bdf1.dir/build.make:105: recipe for target 'cmTC_4bdf1' failed
make[1]: *** [cmTC_4bdf1] Error 1
make[1]: Leaving directory '/yolov5-deepsort-tensorrt/build/CMakeFiles/CMakeTmp'
Makefile:140: recipe for target 'cmTC_4bdf1/fast' failed
make: *** [cmTC_4bdf1/fast] Error 2


Source file was:
#include <pthread.h>

void* test_func(void* data)
{
  return data;
}

int main(void)
{
  pthread_t thread;
  pthread_create(&thread, NULL, test_func, NULL);
  pthread_detach(thread);
  pthread_cancel(thread);
  pthread_join(thread, NULL);
  pthread_atfork(NULL, NULL, NULL);
  pthread_exit(NULL);

  return 0;
}

Determining if the function pthread_create exists in the pthreads failed with the following output:
Change Dir: /yolov5-deepsort-tensorrt/build/CMakeFiles/CMakeTmp

Run Build Command(s):/usr/bin/make cmTC_3320b/fast && /usr/bin/make  -f CMakeFiles/cmTC_3320b.dir/build.make CMakeFiles/cmTC_3320b.dir/build
make[1]: Entering directory '/yolov5-deepsort-tensorrt/build/CMakeFiles/CMakeTmp'
Building C object CMakeFiles/cmTC_3320b.dir/CheckFunctionExists.c.o
/usr/bin/cc   -DCHECK_FUNCTION_EXISTS=pthread_create -o CMakeFiles/cmTC_3320b.dir/CheckFunctionExists.c.o -c /usr/local/share/cmake-3.18/Modules/CheckFunctionExists.c
Linking C executable cmTC_3320b
/usr/local/bin/cmake -E cmake_link_script CMakeFiles/cmTC_3320b.dir/link.txt --verbose=1
/usr/bin/cc  -DCHECK_FUNCTION_EXISTS=pthread_create CMakeFiles/cmTC_3320b.dir/CheckFunctionExists.c.o -o cmTC_3320b  -lpthreads 
/usr/bin/ld: cannot find -lpthreads
collect2: error: ld returned 1 exit status
CMakeFiles/cmTC_3320b.dir/build.make:105: recipe for target 'cmTC_3320b' failed
make[1]: *** [cmTC_3320b] Error 1
make[1]: Leaving directory '/yolov5-deepsort-tensorrt/build/CMakeFiles/CMakeTmp'
Makefile:140: recipe for target 'cmTC_3320b/fast' failed
make: *** [cmTC_3320b/fast] Error 2



